0 info it worked if it ends with ok
1 verbose cli [ 'node', '/usr/local/bin/npm', 'install', '-g', 'stylus', 'nib' ]
2 info using npm@2.10.1
3 info using node@v0.12.4
4 verbose install initial load of /usr/local/lib/package.json
5 verbose readDependencies loading dependencies from /usr/local/lib/package.json
6 silly cache add args [ 'stylus', null ]
7 verbose cache add spec stylus
8 silly cache add args [ 'nib', null ]
9 verbose cache add spec nib
10 silly cache add parsed spec { raw: 'stylus',
10 silly cache add   scope: null,
10 silly cache add   name: 'stylus',
10 silly cache add   rawSpec: '',
10 silly cache add   spec: '*',
10 silly cache add   type: 'range' }
11 silly addNamed stylus@*
12 verbose addNamed "*" is a valid semver range for stylus
13 silly addNameRange { name: 'stylus', range: '*', hasData: false }
14 silly mapToRegistry name stylus
15 silly mapToRegistry using default registry
16 silly mapToRegistry registry https://registry.npmjs.org/
17 silly mapToRegistry uri https://registry.npmjs.org/stylus
18 verbose addNameRange registry:https://registry.npmjs.org/stylus not in flight; fetching
19 silly cache add parsed spec { raw: 'nib',
19 silly cache add   scope: null,
19 silly cache add   name: 'nib',
19 silly cache add   rawSpec: '',
19 silly cache add   spec: '*',
19 silly cache add   type: 'range' }
20 silly addNamed nib@*
21 verbose addNamed "*" is a valid semver range for nib
22 silly addNameRange { name: 'nib', range: '*', hasData: false }
23 silly mapToRegistry name nib
24 silly mapToRegistry using default registry
25 silly mapToRegistry registry https://registry.npmjs.org/
26 silly mapToRegistry uri https://registry.npmjs.org/nib
27 verbose addNameRange registry:https://registry.npmjs.org/nib not in flight; fetching
28 verbose request uri https://registry.npmjs.org/stylus
29 verbose request no auth needed
30 info attempt registry request try #1 at 10:48:01 AM
31 verbose request id 8597f393346fb3d0
32 http request GET https://registry.npmjs.org/stylus
33 verbose request uri https://registry.npmjs.org/nib
34 verbose request no auth needed
35 info attempt registry request try #1 at 10:48:01 AM
36 http request GET https://registry.npmjs.org/nib
37 http 200 https://registry.npmjs.org/nib
38 silly get cb [ 200,
38 silly get   { server: 'CouchDB/1.5.0 (Erlang OTP/R16B03)',
38 silly get     etag: '"5A1Z279CQ01KGK8T45UI6DUTR"',
38 silly get     'content-type': 'application/json',
38 silly get     'cache-control': 'max-age=60',
38 silly get     'content-length': '26142',
38 silly get     'accept-ranges': 'bytes',
38 silly get     date: 'Wed, 27 May 2015 16:48:02 GMT',
38 silly get     via: '1.1 varnish',
38 silly get     age: '56',
38 silly get     connection: 'keep-alive',
38 silly get     'x-served-by': 'cache-ord1730-ORD',
38 silly get     'x-cache': 'HIT',
38 silly get     'x-cache-hits': '1',
38 silly get     'x-timer': 'S1432745282.067117,VS0,VE0',
38 silly get     vary: 'Accept' } ]
39 verbose get saving nib to /Users/mariosanchez/.npm/registry.npmjs.org/nib/.cache.json
40 verbose getCacheStat cache creation not in flight; initializing
41 silly addNameRange number 2 { name: 'nib', range: '*', hasData: true }
42 silly addNameRange versions [ 'nib',
42 silly addNameRange   [ '0.0.1',
42 silly addNameRange     '0.0.2',
42 silly addNameRange     '0.0.3',
42 silly addNameRange     '0.0.4',
42 silly addNameRange     '0.0.5',
42 silly addNameRange     '0.0.6',
42 silly addNameRange     '0.0.7',
42 silly addNameRange     '0.0.8',
42 silly addNameRange     '0.1.0',
42 silly addNameRange     '0.2.0',
42 silly addNameRange     '0.3.0',
42 silly addNameRange     '0.3.1',
42 silly addNameRange     '0.3.2',
42 silly addNameRange     '0.4.0',
42 silly addNameRange     '0.4.1',
42 silly addNameRange     '0.5.0',
42 silly addNameRange     '0.6.0',
42 silly addNameRange     '0.7.0',
42 silly addNameRange     '0.7.1',
42 silly addNameRange     '0.8.1',
42 silly addNameRange     '0.8.2',
42 silly addNameRange     '0.9.0',
42 silly addNameRange     '0.9.1',
42 silly addNameRange     '0.9.2',
42 silly addNameRange     '1.0.0',
42 silly addNameRange     '1.0.1',
42 silly addNameRange     '1.0.2',
42 silly addNameRange     '1.0.3',
42 silly addNameRange     '1.0.4',
42 silly addNameRange     '1.1.0' ] ]
43 silly addNamed nib@1.1.0
44 verbose addNamed "1.1.0" is a plain semver version for nib
45 silly mapToRegistry name nib
46 silly mapToRegistry using default registry
47 silly mapToRegistry registry https://registry.npmjs.org/
48 silly mapToRegistry uri https://registry.npmjs.org/nib
49 verbose addRemoteTarball https://registry.npmjs.org/nib/-/nib-1.1.0.tgz not in flight; adding
50 verbose addRemoteTarball [ 'https://registry.npmjs.org/nib/-/nib-1.1.0.tgz',
50 verbose addRemoteTarball   '527c19662a10a2b565fe85e9b309d622aa7557d3' ]
51 info retry fetch attempt 1 at 10:48:02 AM
52 info attempt registry request try #1 at 10:48:02 AM
53 http fetch GET https://registry.npmjs.org/nib/-/nib-1.1.0.tgz
54 http 200 https://registry.npmjs.org/stylus
55 silly get cb [ 200,
55 silly get   { server: 'CouchDB/1.5.0 (Erlang OTP/R16B03)',
55 silly get     etag: '"790LCRSP5DEN4E7XPG09P5EEP"',
55 silly get     'content-type': 'application/json',
55 silly get     'cache-control': 'max-age=60',
55 silly get     'content-length': '181238',
55 silly get     'accept-ranges': 'bytes',
55 silly get     date: 'Wed, 27 May 2015 16:48:02 GMT',
55 silly get     via: '1.1 varnish',
55 silly get     age: '58',
55 silly get     connection: 'keep-alive',
55 silly get     'x-served-by': 'cache-ord1721-ORD',
55 silly get     'x-cache': 'HIT',
55 silly get     'x-cache-hits': '1',
55 silly get     'x-timer': 'S1432745282.073229,VS0,VE1',
55 silly get     vary: 'Accept' } ]
56 verbose get saving stylus to /Users/mariosanchez/.npm/registry.npmjs.org/stylus/.cache.json
57 silly addNameRange number 2 { name: 'stylus', range: '*', hasData: true }
58 silly addNameRange versions [ 'stylus',
58 silly addNameRange   [ '0.0.1',
58 silly addNameRange     '0.0.2',
58 silly addNameRange     '0.1.0',
58 silly addNameRange     '0.2.0',
58 silly addNameRange     '0.2.1',
58 silly addNameRange     '0.3.0',
58 silly addNameRange     '0.3.1',
58 silly addNameRange     '0.4.0',
58 silly addNameRange     '0.4.1',
58 silly addNameRange     '0.5.0',
58 silly addNameRange     '0.5.1',
58 silly addNameRange     '0.5.2',
58 silly addNameRange     '0.5.3',
58 silly addNameRange     '0.6.0',
58 silly addNameRange     '0.6.2',
58 silly addNameRange     '0.6.3',
58 silly addNameRange     '0.6.4',
58 silly addNameRange     '0.6.5',
58 silly addNameRange     '0.6.6',
58 silly addNameRange     '0.6.7',
58 silly addNameRange     '0.7.0',
58 silly addNameRange     '0.7.1',
58 silly addNameRange     '0.7.2',
58 silly addNameRange     '0.7.3',
58 silly addNameRange     '0.7.4',
58 silly addNameRange     '0.8.0',
58 silly addNameRange     '0.9.0',
58 silly addNameRange     '0.9.1',
58 silly addNameRange     '0.9.2',
58 silly addNameRange     '0.10.0',
58 silly addNameRange     '0.11.0',
58 silly addNameRange     '0.11.1',
58 silly addNameRange     '0.11.2',
58 silly addNameRange     '0.11.3',
58 silly addNameRange     '0.11.4',
58 silly addNameRange     '0.11.5',
58 silly addNameRange     '0.11.6',
58 silly addNameRange     '0.11.7',
58 silly addNameRange     '0.11.8',
58 silly addNameRange     '0.11.9',
58 silly addNameRange     '0.11.10',
58 silly addNameRange     '0.11.11',
58 silly addNameRange     '0.11.12',
58 silly addNameRange     '0.12.0',
58 silly addNameRange     '0.12.1',
58 silly addNameRange     '0.12.2',
58 silly addNameRange     '0.12.3',
58 silly addNameRange     '0.12.4',
58 silly addNameRange     '0.13.0',
58 silly addNameRange     '0.13.1',
58 silly addNameRange     '0.13.2',
58 silly addNameRange     '0.13.3',
58 silly addNameRange     '0.13.4',
58 silly addNameRange     '0.13.5',
58 silly addNameRange     '0.13.6',
58 silly addNameRange     '0.13.7',
58 silly addNameRange     '0.13.8',
58 silly addNameRange     '0.13.9',
58 silly addNameRange     '0.14.0',
58 silly addNameRange     '0.15.0',
58 silly addNameRange     '0.15.1',
58 silly addNameRange     '0.15.2',
58 silly addNameRange     '0.15.3',
58 silly addNameRange     '0.15.4',
58 silly addNameRange     '0.16.0',
58 silly addNameRange     '0.17.0',
58 silly addNameRange     '0.18.0',
58 silly addNameRange     '0.19.0',
58 silly addNameRange     '0.19.1',
58 silly addNameRange     '0.19.2',
58 silly addNameRange     '0.19.3',
58 silly addNameRange     '0.19.4',
58 silly addNameRange     '0.19.5',
58 silly addNameRange     '0.19.6',
58 silly addNameRange     '0.19.7',
58 silly addNameRange     '0.19.8',
58 silly addNameRange     '0.20.0',
58 silly addNameRange     '0.20.1',
58 silly addNameRange     '0.21.0',
58 silly addNameRange     '0.21.1',
58 silly addNameRange     '0.21.2',
58 silly addNameRange     '0.22.0',
58 silly addNameRange     '0.22.1',
58 silly addNameRange     '0.22.2',
58 silly addNameRange     '0.22.3',
58 silly addNameRange     '0.22.4',
58 silly addNameRange     '0.22.5',
58 silly addNameRange     '0.22.6',
58 silly addNameRange     '0.23.0',
58 silly addNameRange     '0.24.0',
58 silly addNameRange     '0.25.0',
58 silly addNameRange     '0.26.0',
58 silly addNameRange     '0.26.1',
58 silly addNameRange     '0.27.0',
58 silly addNameRange     '0.27.1',
58 silly addNameRange     '0.27.2',
58 silly addNameRange     '0.28.0',
58 silly addNameRange     '0.28.1',
58 silly addNameRange     '0.28.2',
58 silly addNameRange     '0.29.0',
58 silly addNameRange     '0.30.0',
58 silly addNameRange     '0.30.1',
58 silly addNameRange     '0.31.0',
58 silly addNameRange     '0.32.0',
58 silly addNameRange     '0.32.1',
58 silly addNameRange     '0.33.0',
58 silly addNameRange     '0.33.1',
58 silly addNameRange     '0.34.0',
58 silly addNameRange     '0.34.1',
58 silly addNameRange     '0.35.0',
58 silly addNameRange     '0.35.1',
58 silly addNameRange     '0.36.0',
58 silly addNameRange     '0.36.1',
58 silly addNameRange     '0.37.0',
58 silly addNameRange     '0.38.0',
58 silly addNameRange     '0.39.0',
58 silly addNameRange     '0.39.1',
58 silly addNameRange     '0.39.2',
58 silly addNameRange     '0.39.3',
58 silly addNameRange     '0.39.4',
58 silly addNameRange     '0.40.0',
58 silly addNameRange     '0.40.1',
58 silly addNameRange     '0.40.2',
58 silly addNameRange     '0.40.3',
58 silly addNameRange     '0.41.0',
58 silly addNameRange     '0.41.1',
58 silly addNameRange     '0.41.2',
58 silly addNameRange     '0.41.3',
58 silly addNameRange     '0.42.0',
58 silly addNameRange     '0.42.1',
58 silly addNameRange     '0.42.2',
58 silly addNameRange     '0.42.3',
58 silly addNameRange     '0.43.0',
58 silly addNameRange     '0.44.0-beta',
58 silly addNameRange     '0.43.1',
58 silly addNameRange     '0.44.0-beta2',
58 silly addNameRange     '0.44.0-beta3',
58 silly addNameRange     '0.44.0',
58 silly addNameRange     '0.45.0',
58 silly addNameRange     '0.45.1',
58 silly addNameRange     '0.46.0',
58 silly addNameRange     '0.46.1',
58 silly addNameRange     '0.46.2',
58 silly addNameRange     '0.46.3',
58 silly addNameRange     '0.47.0',
58 silly addNameRange     '0.47.1',
58 silly addNameRange     '0.47.2',
58 silly addNameRange     '0.47.3',
58 silly addNameRange     '0.48.0',
58 silly addNameRange     '0.48.1',
58 silly addNameRange     '0.49.0',
58 silly addNameRange     '0.49.1',
58 silly addNameRange     '0.49.2',
58 silly addNameRange     '0.49.3',
58 silly addNameRange     '0.50.0',
58 silly addNameRange     '0.51.0',
58 silly addNameRange     '0.51.1' ] ]
59 silly addNamed stylus@0.51.1
60 verbose addNamed "0.51.1" is a plain semver version for stylus
61 silly mapToRegistry name stylus
62 silly mapToRegistry using default registry
63 silly mapToRegistry registry https://registry.npmjs.org/
64 silly mapToRegistry uri https://registry.npmjs.org/stylus
65 verbose addRemoteTarball https://registry.npmjs.org/stylus/-/stylus-0.51.1.tgz not in flight; adding
66 verbose addRemoteTarball [ 'https://registry.npmjs.org/stylus/-/stylus-0.51.1.tgz',
66 verbose addRemoteTarball   'd75c405c1d87d5e00ca5758d311cd79360f0fb99' ]
67 info retry fetch attempt 1 at 10:48:02 AM
68 info attempt registry request try #1 at 10:48:02 AM
69 http fetch GET https://registry.npmjs.org/stylus/-/stylus-0.51.1.tgz
70 http fetch 200 https://registry.npmjs.org/nib/-/nib-1.1.0.tgz
71 silly fetchAndShaCheck shasum 527c19662a10a2b565fe85e9b309d622aa7557d3
72 verbose addTmpTarball /var/folders/w5/46msc6ks62qbk_tmnqtd82bc0000gn/T/npm-968-6ff30a5d/registry.npmjs.org/nib/-/nib-1.1.0.tgz not in flight; adding
73 verbose addTmpTarball already have metadata; skipping unpack for nib@1.1.0
74 silly cache afterAdd nib@1.1.0
75 verbose afterAdd /Users/mariosanchez/.npm/nib/1.1.0/package/package.json not in flight; writing
76 verbose afterAdd /Users/mariosanchez/.npm/nib/1.1.0/package/package.json written
77 http fetch 200 https://registry.npmjs.org/stylus/-/stylus-0.51.1.tgz
78 silly fetchAndShaCheck shasum d75c405c1d87d5e00ca5758d311cd79360f0fb99
79 verbose addTmpTarball /var/folders/w5/46msc6ks62qbk_tmnqtd82bc0000gn/T/npm-968-6ff30a5d/registry.npmjs.org/stylus/-/stylus-0.51.1.tgz not in flight; adding
80 verbose addTmpTarball already have metadata; skipping unpack for stylus@0.51.1
81 silly cache afterAdd stylus@0.51.1
82 verbose afterAdd /Users/mariosanchez/.npm/stylus/0.51.1/package/package.json not in flight; writing
83 verbose afterAdd /Users/mariosanchez/.npm/stylus/0.51.1/package/package.json written
84 silly install resolved [ { name: 'nib',
84 silly install resolved     description: 'Stylus mixins and utilities',
84 silly install resolved     version: '1.1.0',
84 silly install resolved     license: 'MIT',
84 silly install resolved     repository: { type: 'git', url: 'git://github.com/visionmedia/nib.git' },
84 silly install resolved     dependencies: { stylus: '0.49.x' },
84 silly install resolved     devDependencies: { connect: '1.x', jade: '0.22.0', mocha: '*', should: '*' },
84 silly install resolved     author: { name: 'TJ Holowaychuk', email: 'tj@vision-media.ca' },
84 silly install resolved     main: 'lib/nib.js',
84 silly install resolved     engines: { node: '*' },
84 silly install resolved     scripts: { test: 'mocha', 'test-server': 'node test/server.js' },
84 silly install resolved     gitHead: '061612cf80110e53ef5a3749980e0bf4cdc124fa',
84 silly install resolved     bugs: { url: 'https://github.com/visionmedia/nib/issues' },
84 silly install resolved     homepage: 'https://github.com/visionmedia/nib',
84 silly install resolved     _id: 'nib@1.1.0',
84 silly install resolved     _shasum: '527c19662a10a2b565fe85e9b309d622aa7557d3',
84 silly install resolved     _from: 'nib@*',
84 silly install resolved     _npmVersion: '1.4.28',
84 silly install resolved     _npmUser: { name: 'slang800', email: 'slang800@gmail.com' },
84 silly install resolved     maintainers: [ [Object], [Object] ],
84 silly install resolved     dist:
84 silly install resolved      { shasum: '527c19662a10a2b565fe85e9b309d622aa7557d3',
84 silly install resolved        tarball: 'http://registry.npmjs.org/nib/-/nib-1.1.0.tgz' },
84 silly install resolved     directories: {},
84 silly install resolved     _resolved: 'https://registry.npmjs.org/nib/-/nib-1.1.0.tgz' },
84 silly install resolved   { name: 'stylus',
84 silly install resolved     description: 'Robust, expressive, and feature-rich CSS superset',
84 silly install resolved     version: '0.51.1',
84 silly install resolved     author: { name: 'TJ Holowaychuk', email: 'tj@vision-media.ca' },
84 silly install resolved     keywords: [ 'css', 'parser', 'style', 'stylesheets', 'jade', 'language' ],
84 silly install resolved     repository: { type: 'git', url: 'git://github.com/stylus/stylus' },
84 silly install resolved     main: './index.js',
84 silly install resolved     browserify: './lib/browserify.js',
84 silly install resolved     engines: { node: '*' },
84 silly install resolved     bin: { stylus: './bin/stylus' },
84 silly install resolved     scripts:
84 silly install resolved      { prepublish: 'npm prune',
84 silly install resolved        test: 'mocha test/ test/middleware/ --require should --bail --reporter dot',
84 silly install resolved        'test-cov': 'mocha test/ test/middleware/ --require should --bail --reporter html-cov > coverage.html' },
84 silly install resolved     dependencies:
84 silly install resolved      { 'css-parse': '1.7.x',
84 silly install resolved        mkdirp: '0.3.x',
84 silly install resolved        debug: '*',
84 silly install resolved        sax: '0.5.x',
84 silly install resolved        glob: '3.2.x',
84 silly install resolved        'source-map': '0.1.x' },
84 silly install resolved     devDependencies: { should: '2.x', mocha: '*', jscoverage: '0.3.8' },
84 silly install resolved     bugs: { url: 'https://github.com/stylus/stylus/issues' },
84 silly install resolved     homepage: 'https://github.com/stylus/stylus',
84 silly install resolved     directories: { doc: 'docs', example: 'examples', test: 'test' },
84 silly install resolved     license: 'MIT',
84 silly install resolved     _id: 'stylus@0.51.1',
84 silly install resolved     _shasum: 'd75c405c1d87d5e00ca5758d311cd79360f0fb99',
84 silly install resolved     _from: 'stylus@*',
84 silly install resolved     _npmVersion: '1.4.9',
84 silly install resolved     _npmUser: { name: 'kizu', email: 'kizmarh@ya.ru' },
84 silly install resolved     maintainers: [ [Object], [Object] ],
84 silly install resolved     dist:
84 silly install resolved      { shasum: 'd75c405c1d87d5e00ca5758d311cd79360f0fb99',
84 silly install resolved        tarball: 'http://registry.npmjs.org/stylus/-/stylus-0.51.1.tgz' },
84 silly install resolved     _resolved: 'https://registry.npmjs.org/stylus/-/stylus-0.51.1.tgz' } ]
85 info install nib@1.1.0 into /usr/local/lib
86 info install stylus@0.51.1 into /usr/local/lib
87 info installOne nib@1.1.0
88 verbose installOne of nib to /usr/local/lib not in flight; installing
89 info installOne stylus@0.51.1
90 verbose installOne of stylus to /usr/local/lib not in flight; installing
91 verbose lock using /Users/mariosanchez/.npm/_locks/nib-2ed777f4c65ad693.lock for /usr/local/lib/node_modules/nib
92 silly install write writing nib 1.1.0 to /usr/local/lib/node_modules/nib
93 verbose lock using /Users/mariosanchez/.npm/_locks/stylus-c3eec871ff9af39a.lock for /usr/local/lib/node_modules/stylus
94 silly install write writing stylus 0.51.1 to /usr/local/lib/node_modules/stylus
95 verbose unbuild lib/node_modules/nib
96 silly gentlyRm /usr/local/lib/node_modules/nib is being purged from base /usr/local
97 verbose gentlyRm don't care about contents; nuking /usr/local/lib/node_modules/nib
98 verbose unbuild lib/node_modules/stylus
99 verbose tar unpack /Users/mariosanchez/.npm/nib/1.1.0/package.tgz
100 verbose tar unpacking to /usr/local/lib/node_modules/nib
101 silly gentlyRm /usr/local/lib/node_modules/nib is being purged
102 verbose gentlyRm don't care about contents; nuking /usr/local/lib/node_modules/nib
103 silly gunzTarPerm modes [ '755', '644' ]
104 silly gentlyRm /usr/local/lib/node_modules/stylus is being purged from base /usr/local
105 verbose gentlyRm don't care about contents; nuking /usr/local/lib/node_modules/stylus
106 verbose tar unpack /Users/mariosanchez/.npm/stylus/0.51.1/package.tgz
107 verbose tar unpacking to /usr/local/lib/node_modules/stylus
108 silly gentlyRm /usr/local/lib/node_modules/stylus is being purged
109 verbose gentlyRm don't care about contents; nuking /usr/local/lib/node_modules/stylus
110 silly gunzTarPerm modes [ '755', '644' ]
111 error tar.unpack untar error /Users/mariosanchez/.npm/nib/1.1.0/package.tgz
112 verbose unlock done using /Users/mariosanchez/.npm/_locks/nib-2ed777f4c65ad693.lock for /usr/local/lib/node_modules/nib
113 error tar.unpack untar error /Users/mariosanchez/.npm/stylus/0.51.1/package.tgz
114 verbose unlock done using /Users/mariosanchez/.npm/_locks/stylus-c3eec871ff9af39a.lock for /usr/local/lib/node_modules/stylus
115 verbose fstream_path /usr/local/lib/node_modules/nib
116 verbose fstream_type Directory
117 verbose fstream_class DirWriter
118 verbose stack Error: EACCES, mkdir '/usr/local/lib/node_modules/nib'
118 verbose stack     at Error (native)
119 verbose fstream_stack /usr/local/lib/node_modules/npm/node_modules/fstream/lib/dir-writer.js:35:25
119 verbose fstream_stack /usr/local/lib/node_modules/npm/node_modules/mkdirp/index.js:47:53
119 verbose fstream_stack FSReqWrap.oncomplete (fs.js:95:15)
120 verbose cwd /Library/WebServer/Documents/codener
121 error Darwin 14.3.0
122 error argv "node" "/usr/local/bin/npm" "install" "-g" "stylus" "nib"
123 error node v0.12.4
124 error npm  v2.10.1
125 error path /usr/local/lib/node_modules/nib
126 error code EACCES
127 error errno -13
128 error Error: EACCES, mkdir '/usr/local/lib/node_modules/nib'
128 error     at Error (native)
128 error  { [Error: EACCES, mkdir '/usr/local/lib/node_modules/nib']
128 error   errno: -13,
128 error   code: 'EACCES',
128 error   path: '/usr/local/lib/node_modules/nib',
128 error   fstream_type: 'Directory',
128 error   fstream_path: '/usr/local/lib/node_modules/nib',
128 error   fstream_class: 'DirWriter',
128 error   fstream_stack:
128 error    [ '/usr/local/lib/node_modules/npm/node_modules/fstream/lib/dir-writer.js:35:25',
128 error      '/usr/local/lib/node_modules/npm/node_modules/mkdirp/index.js:47:53',
128 error      'FSReqWrap.oncomplete (fs.js:95:15)' ] }
129 error Please try running this command again as root/Administrator.
130 verbose exit [ -13, true ]
131 verbose unbuild lib/node_modules/nib
132 silly gentlyRm /usr/local/lib/node_modules/nib is being purged from base /usr/local
133 verbose gentlyRm don't care about contents; nuking /usr/local/lib/node_modules/nib
134 verbose unbuild lib/node_modules/stylus
135 silly gentlyRm /usr/local/lib/node_modules/stylus is being purged from base /usr/local
136 verbose gentlyRm don't care about contents; nuking /usr/local/lib/node_modules/stylus
